<?xml version="1.0" encoding="UTF-8"?>
<testsuite name="skd.test.TestRequests" tests="1" skipped="0" failures="1" errors="0" timestamp="2019-10-10T09:35:40" hostname="sapan-D" time="4.494">
  <properties/>
  <testcase name="testCookiee" classname="skd.test.TestRequests" time="4.494">
    <failure message="org.json.JSONException: JSONObject[&quot;successCount&quot;] not found." type="org.json.JSONException">org.json.JSONException: JSONObject[&quot;successCount&quot;] not found.
	at org.json.JSONObject.get(JSONObject.java:566)
	at org.json.JSONObject.getInt(JSONObject.java:740)
	at skd.test.TestRequests.testCookiee(TestRequests.java:190)
	at sun.reflect.NativeMethodAccessorImpl.invoke0(Native Method)
	at sun.reflect.NativeMethodAccessorImpl.invoke(NativeMethodAccessorImpl.java:62)
	at sun.reflect.DelegatingMethodAccessorImpl.invoke(DelegatingMethodAccessorImpl.java:43)
	at java.lang.reflect.Method.invoke(Method.java:498)
	at org.junit.runners.model.FrameworkMethod$1.runReflectiveCall(FrameworkMethod.java:50)
	at org.junit.internal.runners.model.ReflectiveCallable.run(ReflectiveCallable.java:12)
	at org.junit.runners.model.FrameworkMethod.invokeExplosively(FrameworkMethod.java:47)
	at org.junit.internal.runners.statements.InvokeMethod.evaluate(InvokeMethod.java:17)
	at org.junit.runners.ParentRunner.runLeaf(ParentRunner.java:325)
	at org.junit.runners.BlockJUnit4ClassRunner.runChild(BlockJUnit4ClassRunner.java:78)
	at org.junit.runners.BlockJUnit4ClassRunner.runChild(BlockJUnit4ClassRunner.java:57)
	at org.junit.runners.ParentRunner$3.run(ParentRunner.java:290)
	at org.junit.runners.ParentRunner$1.schedule(ParentRunner.java:71)
	at org.junit.runners.ParentRunner.runChildren(ParentRunner.java:288)
	at org.junit.runners.ParentRunner.access$000(ParentRunner.java:58)
	at org.junit.runners.ParentRunner$2.evaluate(ParentRunner.java:268)
	at org.junit.runners.ParentRunner.run(ParentRunner.java:363)
	at org.gradle.api.internal.tasks.testing.junit.JUnitTestClassExecutor.runTestClass(JUnitTestClassExecutor.java:106)
	at org.gradle.api.internal.tasks.testing.junit.JUnitTestClassExecutor.execute(JUnitTestClassExecutor.java:58)
	at org.gradle.api.internal.tasks.testing.junit.JUnitTestClassExecutor.execute(JUnitTestClassExecutor.java:38)
	at org.gradle.api.internal.tasks.testing.junit.AbstractJUnitTestClassProcessor.processTestClass(AbstractJUnitTestClassProcessor.java:66)
	at org.gradle.api.internal.tasks.testing.SuiteTestClassProcessor.processTestClass(SuiteTestClassProcessor.java:51)
	at sun.reflect.NativeMethodAccessorImpl.invoke0(Native Method)
	at sun.reflect.NativeMethodAccessorImpl.invoke(NativeMethodAccessorImpl.java:62)
	at sun.reflect.DelegatingMethodAccessorImpl.invoke(DelegatingMethodAccessorImpl.java:43)
	at java.lang.reflect.Method.invoke(Method.java:498)
	at org.gradle.internal.dispatch.ReflectionDispatch.dispatch(ReflectionDispatch.java:35)
	at org.gradle.internal.dispatch.ReflectionDispatch.dispatch(ReflectionDispatch.java:24)
	at org.gradle.internal.dispatch.ContextClassLoaderDispatch.dispatch(ContextClassLoaderDispatch.java:32)
	at org.gradle.internal.dispatch.ProxyDispatchAdapter$DispatchingInvocationHandler.invoke(ProxyDispatchAdapter.java:93)
	at com.sun.proxy.$Proxy2.processTestClass(Unknown Source)
	at org.gradle.api.internal.tasks.testing.worker.TestWorker.processTestClass(TestWorker.java:117)
	at sun.reflect.NativeMethodAccessorImpl.invoke0(Native Method)
	at sun.reflect.NativeMethodAccessorImpl.invoke(NativeMethodAccessorImpl.java:62)
	at sun.reflect.DelegatingMethodAccessorImpl.invoke(DelegatingMethodAccessorImpl.java:43)
	at java.lang.reflect.Method.invoke(Method.java:498)
	at org.gradle.internal.dispatch.ReflectionDispatch.dispatch(ReflectionDispatch.java:35)
	at org.gradle.internal.dispatch.ReflectionDispatch.dispatch(ReflectionDispatch.java:24)
	at org.gradle.internal.remote.internal.hub.MessageHubBackedObjectConnection$DispatchWrapper.dispatch(MessageHubBackedObjectConnection.java:155)
	at org.gradle.internal.remote.internal.hub.MessageHubBackedObjectConnection$DispatchWrapper.dispatch(MessageHubBackedObjectConnection.java:137)
	at org.gradle.internal.remote.internal.hub.MessageHub$Handler.run(MessageHub.java:404)
	at org.gradle.internal.concurrent.ExecutorPolicy$CatchAndRecordFailures.onExecute(ExecutorPolicy.java:63)
	at org.gradle.internal.concurrent.ManagedExecutorImpl$1.run(ManagedExecutorImpl.java:46)
	at java.util.concurrent.ThreadPoolExecutor.runWorker(ThreadPoolExecutor.java:1149)
	at java.util.concurrent.ThreadPoolExecutor$Worker.run(ThreadPoolExecutor.java:624)
	at org.gradle.internal.concurrent.ThreadFactoryImpl$ManagedThreadRunnable.run(ThreadFactoryImpl.java:55)
	at java.lang.Thread.run(Thread.java:748)
</failure>
  </testcase>
  <system-out><![CDATA[auth 200
token: auth ==> 757bc0eb-5506-46ca-b77b-03730bae427f
 authHeaderMap: [XSRF-TOKEN=757bc0eb-5506-46ca-b77b-03730bae427f; Path=/; Secure, FAREYE_EMP_CODE=dhlmy79_dhlmy79; Path=/; Secure; HttpOnly, FAREYE_CMP_ID=1253; Path=/; Secure; HttpOnly, JSESSIONID=8ffab310-e483-4bbc-877e-74b7d9a8f985; Path=/; Secure; HttpOnly]
account 200  -  {"login":"dhlmy79_admin","firstName":"dhlmy79","lastName":"dhlmy79","email":"nitin.kumar@getfareye.com","activated":false,"autoPushMailActivated":false,"mobileNumber":"7068721954","employeeCode":"dhlmy79_dhlmy79","cityId":3757,"hubId":36580,"hubs":[],"roles":["ROLE_JOBS_MASTER","ROLE_CITY_HUBS","ROLE_USER","ROLE_APP_MODULES","ROLE_TRANSACTION","ROLE_ADMIN","ROLE_API","ROLE_ORDERS","ROLE_DS_MASTER","ROLE_DATA_STORE_READ_WRITE","ROLE_PROCESS_MASTER","ROLE_PROCESS","ROLE_TASK_ADMIN","ROLE_CUSTOM_PDF","ROLE_ORDER_V2","ROLE_TRACKING","ROLE_SEQUENCE_MASTER","ROLE_MERCHANT_MASTER","ROLE_DASHBOARD","ROLE_ROUTING_USER_MAPPING","ROLE_PROCESS_TAKE_ACTION","ROLE_ADD_USER","ROLE_HOLIDAY_MASTER","ROLE_ASSET_MANAGEMENT","ROLE_RUNSHEET_ACTION"],"company":{"id":1253,"name":"dhlmy79","code":"dhlmy79","timeZone":"Asia/Kolkata","expiryDuration":24},"userTypeId":1,"isLoggedIn":false,"userId":96623,"userTypeName":"Admin"}
token: account ==> 1700b8fa-2002-40c2-bbd8-ed91b25d918d
 accountHeaderMap:  [XSRF-TOKEN=1700b8fa-2002-40c2-bbd8-ed91b25d918d; Path=/; Secure]
{"status":400,"error":"Bad Request","message":"Could not read JSON: Can not deserialize instance of java.util.ArrayList out of START_OBJECT token\n at [Source: java.io.PushbackInputStream@4bc45edb; line: 1, column: 1]; nested exception is com.fasterxml.jackson.databind.JsonMappingException: Can not deserialize instance of java.util.ArrayList out of START_OBJECT token\n at [Source: java.io.PushbackInputStream@4bc45edb; line: 1, column: 1]","timeStamp":1570700144857}
]]></system-out>
  <system-err><![CDATA[]]></system-err>
</testsuite>
